<?xml version="1.0" encoding="utf-8"?>
<TestRun id="dab6c55a-b181-49cd-9006-ef0d60ee4388" name="@fv-az366-82 2023-11-27 03:12:05" xmlns="http://microsoft.com/schemas/VisualStudio/TeamTest/2010">
  <Times creation="2023-11-27T03:12:05.3367748+00:00" queuing="2023-11-27T03:12:05.3367749+00:00" start="2023-11-27T03:12:04.2337509+00:00" finish="2023-11-27T03:12:05.3374606+00:00" />
  <TestSettings name="default" id="e720d68f-f21e-4d89-be73-a777306ab055">
    <Deployment runDeploymentRoot="_fv-az366-82_2023-11-27_03_12_05" />
  </TestSettings>
  <TestLists>
    <TestList name="Results Not in a List" id="8c84fa94-04c1-424b-9868-57a2d4851a1d" />
    <TestList name="All Loaded Results" id="19431567-8539-422a-85d7-44ee4e166bda" />
  </TestLists>
  <ResultSummary outcome="Completed">
    <Counters total="0" executed="0" passed="0" failed="0" error="0" timeout="0" aborted="0" inconclusive="0" passedButRunAborted="0" notRunnable="0" notExecuted="0" disconnected="0" warning="0" completed="0" inProgress="0" pending="0" />
    <Output>
      <StdOut>[xUnit.net 00:00:00.00] xUnit.net VSTest Adapter v2.5.0.1+5ebf84cd75 (64-bit .NET 6.0.25)
[xUnit.net 00:00:00.14]   Discovering: Mottu.Zika.Maintenance.Vehicle.Block.Api.Test
[xUnit.net 00:00:00.17]   Discovered:  Mottu.Zika.Maintenance.Vehicle.Block.Api.Test
</StdOut>
    </Output>
    <RunInfos>
      <RunInfo computerName="fv-az366-82" outcome="Warning" timestamp="2023-11-27T03:12:05.2528170+00:00">
        <Text>No test is available in /home/runner/work/maintenance-vehicle-block/maintenance-vehicle-block/src/Mottu.Zika.Maintenance.Vehicle.Block.Api.Test/bin/Debug/net6.0/Mottu.Zika.Maintenance.Vehicle.Block.Api.Test.dll. Make sure that test discoverer &amp; executors are registered and platform &amp; framework version settings are appropriate and try again.</Text>
      </RunInfo>
    </RunInfos>
  </ResultSummary>
</TestRun>