<?xml version="1.0" encoding="utf-8"?>
<TestRun id="666f6ac9-b58f-4699-b4cd-258d39112f7b" name="testuser@VOLKI 2022-06-21 00:07:51" runUser="testuser" xmlns="http://microsoft.com/schemas/VisualStudio/TeamTest/2010">
  <Times creation="2022-06-21T00:07:51.9148564+03:00" queuing="2022-06-21T00:07:51.9148578+03:00" start="2022-06-21T00:07:49.2898040+03:00" finish="2022-06-21T00:07:52.0335968+03:00" />
  <TestSettings name="default" id="08d62040-4d27-4bb3-b8be-8d0f13337a1a">
    <Deployment runDeploymentRoot="testuser_VOLKI_2022-06-21_00_07_51" />
  </TestSettings>
  <Results>
    <UnitTestResult executionId="89de0260-b9e1-43ea-aba7-80b00afe0bb8" testId="90ffee87-d4c3-ae73-f993-b2e3aa0b3392" testName="Microsoft.eShopWeb.UnitTests.BasketWithItems.MatchesBasketWithGivenId" computerName="VOLKI" duration="00:00:00.0040000" startTime="2022-06-21T00:07:51.8811748+03:00" endTime="2022-06-21T00:07:51.8811749+03:00" testType="13cdc9d9-ddb5-4fa4-a97d-d965ccfc6d4b" outcome="Passed" testListId="8c84fa94-04c1-424b-9868-57a2d4851a1d" relativeResultsDirectory="89de0260-b9e1-43ea-aba7-80b00afe0bb8" />
    <UnitTestResult executionId="e77fb72b-2985-4b8f-8d71-72083c4aea8a" testId="77566c92-e9fa-4efa-e797-a430cfd18ffa" testName="Microsoft.eShopWeb.UnitTests.CatalogFilterSpecificationFilter.MatchesExpectedNumberOfItems(brandId: null, typeId: 3, expectedCount: 1)" computerName="VOLKI" duration="00:00:00.0300000" startTime="2022-06-21T00:07:51.8307955+03:00" endTime="2022-06-21T00:07:51.8307956+03:00" testType="13cdc9d9-ddb5-4fa4-a97d-d965ccfc6d4b" outcome="Passed" testListId="8c84fa94-04c1-424b-9868-57a2d4851a1d" relativeResultsDirectory="e77fb72b-2985-4b8f-8d71-72083c4aea8a" />
    <UnitTestResult executionId="e7c78630-edbb-44b8-aca0-fd6714c7e51c" testId="79979c84-840c-c42e-5fdf-d26f44c0d9f4" testName="Microsoft.eShopWeb.UnitTests.ApplicationCore.Entities.BasketTests.BasketAddItem.KeepsOriginalUnitPriceIfMoreItemsAdded" computerName="VOLKI" duration="00:00:00.0010000" startTime="2022-06-21T00:07:51.8789141+03:00" endTime="2022-06-21T00:07:51.8789142+03:00" testType="13cdc9d9-ddb5-4fa4-a97d-d965ccfc6d4b" outcome="Passed" testListId="8c84fa94-04c1-424b-9868-57a2d4851a1d" relativeResultsDirectory="e7c78630-edbb-44b8-aca0-fd6714c7e51c" />
    <UnitTestResult executionId="94120b0c-bf62-44cf-b880-1f490d1c261f" testId="ffa737c1-06ff-c690-3ce6-3e55b2e9845d" testName="Microsoft.eShopWeb.UnitTests.ApplicationCore.Services.BasketServiceTests.DeleteBasket.Should_InvokeBasketRepositoryDeleteAsync_Once" computerName="VOLKI" duration="00:00:00.1670000" startTime="2022-06-21T00:07:51.9594881+03:00" endTime="2022-06-21T00:07:51.9594884+03:00" testType="13cdc9d9-ddb5-4fa4-a97d-d965ccfc6d4b" outcome="Passed" testListId="8c84fa94-04c1-424b-9868-57a2d4851a1d" relativeResultsDirectory="94120b0c-bf62-44cf-b880-1f490d1c261f" />
    <UnitTestResult executionId="ccc3a7c0-00ab-4fc8-9f1c-3108594e589c" testId="dd352b51-65dc-e6f9-00a2-e604c51d50b2" testName="Microsoft.eShopWeb.UnitTests.CatalogFilterSpecificationFilter.MatchesExpectedNumberOfItems(brandId: 2, typeId: null, expectedCount: 2)" computerName="VOLKI" duration="00:00:00.0010000" startTime="2022-06-21T00:07:51.8786989+03:00" endTime="2022-06-21T00:07:51.8786991+03:00" testType="13cdc9d9-ddb5-4fa4-a97d-d965ccfc6d4b" outcome="Passed" testListId="8c84fa94-04c1-424b-9868-57a2d4851a1d" relativeResultsDirectory="ccc3a7c0-00ab-4fc8-9f1c-3108594e589c" />
    <UnitTestResult executionId="a28b8d91-d6df-480a-ac2d-17d416caedb4" testId="dc920190-4870-4bbb-6a09-31bd626bd4e7" testName="Microsoft.eShopWeb.UnitTests.CatalogFilterSpecificationFilter.MatchesExpectedNumberOfItems(brandId: null, typeId: 1, expectedCount: 2)" computerName="VOLKI" duration="00:00:00.0010000" startTime="2022-06-21T00:07:51.8322733+03:00" endTime="2022-06-21T00:07:51.8322736+03:00" testType="13cdc9d9-ddb5-4fa4-a97d-d965ccfc6d4b" outcome="Passed" testListId="8c84fa94-04c1-424b-9868-57a2d4851a1d" relativeResultsDirectory="a28b8d91-d6df-480a-ac2d-17d416caedb4" />
    <UnitTestResult executionId="46f1b15e-0ef2-4815-bfff-bea84a90aa4a" testId="7ceb1e46-0e54-0b6e-4c2b-452ebfbdb4f2" testName="Microsoft.eShopWeb.UnitTests.CatalogFilterSpecificationFilter.MatchesExpectedNumberOfItems(brandId: null, typeId: null, expectedCount: 5)" computerName="VOLKI" duration="00:00:00.0010000" startTime="2022-06-21T00:07:51.8787317+03:00" endTime="2022-06-21T00:07:51.8787318+03:00" testType="13cdc9d9-ddb5-4fa4-a97d-d965ccfc6d4b" outcome="Passed" testListId="8c84fa94-04c1-424b-9868-57a2d4851a1d" relativeResultsDirectory="46f1b15e-0ef2-4815-bfff-bea84a90aa4a" />
    <UnitTestResult executionId="bdc6af0e-be52-4de8-a851-49537818deb3" testId="a145f06d-bf05-9af7-f473-2e6457108842" testName="Microsoft.eShopWeb.UnitTests.ApplicationCore.Services.BasketServiceTests.SetQuantities.ThrowsGivenNullQuantities" computerName="VOLKI" duration="00:00:00.0010000" startTime="2022-06-21T00:07:51.9527433+03:00" endTime="2022-06-21T00:07:51.9527437+03:00" testType="13cdc9d9-ddb5-4fa4-a97d-d965ccfc6d4b" outcome="Passed" testListId="8c84fa94-04c1-424b-9868-57a2d4851a1d" relativeResultsDirectory="bdc6af0e-be52-4de8-a851-49537818deb3" />
    <UnitTestResult executionId="3dc853e2-b051-484d-89b3-5fd8bfcc2b9b" testId="20566fc0-4d83-2996-2ce9-ad2b56afbdb9" testName="Microsoft.eShopWeb.UnitTests.ApplicationCore.Entities.OrderTests.OrderTotal.IsCorrectGiven1Item" computerName="VOLKI" duration="00:00:00.0010000" startTime="2022-06-21T00:07:51.8811476+03:00" endTime="2022-06-21T00:07:51.8811477+03:00" testType="13cdc9d9-ddb5-4fa4-a97d-d965ccfc6d4b" outcome="Passed" testListId="8c84fa94-04c1-424b-9868-57a2d4851a1d" relativeResultsDirectory="3dc853e2-b051-484d-89b3-5fd8bfcc2b9b" />
    <UnitTestResult executionId="421aadd6-2c72-4efb-add8-5f41dfd09769" testId="d100e9f1-4719-f70e-3c21-743363743356" testName="Microsoft.eShopWeb.UnitTests.ApplicationCore.Services.BasketServiceTests.SetQuantities.ThrowsGivenInvalidBasketId" computerName="VOLKI" duration="00:00:00.1540000" startTime="2022-06-21T00:07:51.9457861+03:00" endTime="2022-06-21T00:07:51.9457864+03:00" testType="13cdc9d9-ddb5-4fa4-a97d-d965ccfc6d4b" outcome="Passed" testListId="8c84fa94-04c1-424b-9868-57a2d4851a1d" relativeResultsDirectory="421aadd6-2c72-4efb-add8-5f41dfd09769" />
    <UnitTestResult executionId="330d4c28-3418-4137-abec-12160f5bbe6d" testId="d228ebbe-9130-e327-8131-1f19266700ba" testName="Microsoft.eShopWeb.UnitTests.CatalogFilterSpecificationFilter.MatchesExpectedNumberOfItems(brandId: 2, typeId: 3, expectedCount: 0)" computerName="VOLKI" duration="00:00:00.0010000" startTime="2022-06-21T00:07:51.8783624+03:00" endTime="2022-06-21T00:07:51.8783627+03:00" testType="13cdc9d9-ddb5-4fa4-a97d-d965ccfc6d4b" outcome="Passed" testListId="8c84fa94-04c1-424b-9868-57a2d4851a1d" relativeResultsDirectory="330d4c28-3418-4137-abec-12160f5bbe6d" />
    <UnitTestResult executionId="157b1453-6ba3-4d3d-9eb0-cbfd266bae7f" testId="17322f1e-a1bc-972a-b134-e4feba609614" testName="Microsoft.eShopWeb.UnitTests.ApplicationCore.Entities.BasketTests.BasketAddItem.IncrementsQuantityOfItemIfPresent" computerName="VOLKI" duration="00:00:00.0010000" startTime="2022-06-21T00:07:51.8789848+03:00" endTime="2022-06-21T00:07:51.8789848+03:00" testType="13cdc9d9-ddb5-4fa4-a97d-d965ccfc6d4b" outcome="Passed" testListId="8c84fa94-04c1-424b-9868-57a2d4851a1d" relativeResultsDirectory="157b1453-6ba3-4d3d-9eb0-cbfd266bae7f" />
    <UnitTestResult executionId="e80e52bc-b724-495a-9747-6844c81dc393" testId="8a697d61-d867-500a-1274-5e30e1aa2c14" testName="Microsoft.eShopWeb.UnitTests.ApplicationCore.Entities.OrderTests.OrderTotal.IsZeroForNewOrder" computerName="VOLKI" duration="00:00:00.0060000" startTime="2022-06-21T00:07:51.8790178+03:00" endTime="2022-06-21T00:07:51.8790179+03:00" testType="13cdc9d9-ddb5-4fa4-a97d-d965ccfc6d4b" outcome="Passed" testListId="8c84fa94-04c1-424b-9868-57a2d4851a1d" relativeResultsDirectory="e80e52bc-b724-495a-9747-6844c81dc393" />
    <UnitTestResult executionId="750f3a99-7bd1-463c-b9cd-586cc8a747a7" testId="8c239505-bcaa-888e-9fe4-32b0f6275bc9" testName="Microsoft.eShopWeb.UnitTests.BasketWithItems.MatchesNoBasketsIfIdNotPresent" computerName="VOLKI" duration="00:00:00.0020000" startTime="2022-06-21T00:07:51.8812097+03:00" endTime="2022-06-21T00:07:51.8812098+03:00" testType="13cdc9d9-ddb5-4fa4-a97d-d965ccfc6d4b" outcome="Passed" testListId="8c84fa94-04c1-424b-9868-57a2d4851a1d" relativeResultsDirectory="750f3a99-7bd1-463c-b9cd-586cc8a747a7" />
    <UnitTestResult executionId="6a96ca4f-bb4b-43db-97b8-13eb2d3330a7" testId="ae160215-e214-c67f-7415-aa33e198a82e" testName="Microsoft.eShopWeb.UnitTests.ApplicationCore.Entities.BasketTests.BasketAddItem.DefaultsToQuantityOfOne" computerName="VOLKI" duration="00:00:00.0010000" startTime="2022-06-21T00:07:51.8789498+03:00" endTime="2022-06-21T00:07:51.8789499+03:00" testType="13cdc9d9-ddb5-4fa4-a97d-d965ccfc6d4b" outcome="Passed" testListId="8c84fa94-04c1-424b-9868-57a2d4851a1d" relativeResultsDirectory="6a96ca4f-bb4b-43db-97b8-13eb2d3330a7" />
    <UnitTestResult executionId="3882b8b3-69e1-47d5-8c7b-902e883ed2f7" testId="6206ccea-5ab0-4699-f8e5-4ff2d77aa296" testName="Microsoft.eShopWeb.UnitTests.ApplicationCore.Entities.OrderTests.OrderTotal.IsCorrectGiven3Items" computerName="VOLKI" duration="00:00:00.0010000" startTime="2022-06-21T00:07:51.8810844+03:00" endTime="2022-06-21T00:07:51.8810847+03:00" testType="13cdc9d9-ddb5-4fa4-a97d-d965ccfc6d4b" outcome="Passed" testListId="8c84fa94-04c1-424b-9868-57a2d4851a1d" relativeResultsDirectory="3882b8b3-69e1-47d5-8c7b-902e883ed2f7" />
    <UnitTestResult executionId="c910a1cb-3833-43ed-af9e-a99dc9bd26c8" testId="ac5ea522-2e0c-d643-a8a7-a1374c89ba75" testName="Microsoft.eShopWeb.UnitTests.CatalogFilterSpecificationFilter.MatchesExpectedNumberOfItems(brandId: 1, typeId: null, expectedCount: 3)" computerName="VOLKI" duration="00:00:00.0010000" startTime="2022-06-21T00:07:51.8335929+03:00" endTime="2022-06-21T00:07:51.8335932+03:00" testType="13cdc9d9-ddb5-4fa4-a97d-d965ccfc6d4b" outcome="Passed" testListId="8c84fa94-04c1-424b-9868-57a2d4851a1d" relativeResultsDirectory="c910a1cb-3833-43ed-af9e-a99dc9bd26c8" />
    <UnitTestResult executionId="b06499f2-2aa2-451b-a83f-639eaa653ab1" testId="8c9e1224-108a-0a36-56ae-4ccc9f15f109" testName="Microsoft.eShopWeb.UnitTests.ApplicationCore.Entities.BasketTests.BasketAddItem.AddsBasketItemIfNotPresent" computerName="VOLKI" duration="00:00:00.0090000" startTime="2022-06-21T00:07:51.8787907+03:00" endTime="2022-06-21T00:07:51.8787908+03:00" testType="13cdc9d9-ddb5-4fa4-a97d-d965ccfc6d4b" outcome="Passed" testListId="8c84fa94-04c1-424b-9868-57a2d4851a1d" relativeResultsDirectory="b06499f2-2aa2-451b-a83f-639eaa653ab1" />
    <UnitTestResult executionId="73d77ce6-6fd3-4701-a90a-4b8c323f71d5" testId="e311acef-6f3b-6cbd-a667-f00ebfd1300a" testName="Microsoft.eShopWeb.UnitTests.ApplicationCore.Services.BasketServiceTests.TransferBasket.ThrowsGivenNullAnonymousId" computerName="VOLKI" duration="00:00:00.0160000" startTime="2022-06-21T00:07:51.8229479+03:00" endTime="2022-06-21T00:07:51.8229548+03:00" testType="13cdc9d9-ddb5-4fa4-a97d-d965ccfc6d4b" outcome="Passed" testListId="8c84fa94-04c1-424b-9868-57a2d4851a1d" relativeResultsDirectory="73d77ce6-6fd3-4701-a90a-4b8c323f71d5" />
    <UnitTestResult executionId="59e13305-84ff-47e9-b800-3941605d1cad" testId="243dd34f-6420-6cf2-f28a-833834b0f4d9" testName="Microsoft.eShopWeb.UnitTests.ApplicationCore.Entities.BasketTests.BasketAddItem.RemoveEmptyItems" computerName="VOLKI" duration="00:00:00.0010000" startTime="2022-06-21T00:07:51.8788713+03:00" endTime="2022-06-21T00:07:51.8788714+03:00" testType="13cdc9d9-ddb5-4fa4-a97d-d965ccfc6d4b" outcome="Passed" testListId="8c84fa94-04c1-424b-9868-57a2d4851a1d" relativeResultsDirectory="59e13305-84ff-47e9-b800-3941605d1cad" />
    <UnitTestResult executionId="b9a6f616-8a4c-4c67-b3a9-9b9dc07ca8cd" testId="d61ac6d4-4c3a-b38f-b9ae-58b0181c3bba" testName="Microsoft.eShopWeb.UnitTests.ApplicationCore.Services.BasketServiceTests.TransferBasket.ThrowsGivenNullUserId" computerName="VOLKI" duration="00:00:00.0020000" startTime="2022-06-21T00:07:51.8307304+03:00" endTime="2022-06-21T00:07:51.8307307+03:00" testType="13cdc9d9-ddb5-4fa4-a97d-d965ccfc6d4b" outcome="Passed" testListId="8c84fa94-04c1-424b-9868-57a2d4851a1d" relativeResultsDirectory="b9a6f616-8a4c-4c67-b3a9-9b9dc07ca8cd" />
    <UnitTestResult executionId="de5e9965-8e06-40ce-ba05-8fdb9b5b40e2" testId="e9d15823-5bf9-2718-4bc1-6f41bf038365" testName="Microsoft.eShopWeb.UnitTests.CatalogFilterSpecificationFilter.MatchesExpectedNumberOfItems(brandId: 1, typeId: 3, expectedCount: 1)" computerName="VOLKI" duration="00:00:00.0010000" startTime="2022-06-21T00:07:51.8308617+03:00" endTime="2022-06-21T00:07:51.8308619+03:00" testType="13cdc9d9-ddb5-4fa4-a97d-d965ccfc6d4b" outcome="Passed" testListId="8c84fa94-04c1-424b-9868-57a2d4851a1d" relativeResultsDirectory="de5e9965-8e06-40ce-ba05-8fdb9b5b40e2" />
  </Results>
  <TestDefinitions>
    <UnitTest name="Microsoft.eShopWeb.UnitTests.ApplicationCore.Entities.BasketTests.BasketAddItem.RemoveEmptyItems" storage="c:\users\testuser\source\repos\eshoponweb\tests\unittests\bin\debug\netcoreapp2.2\unittests.dll" id="243dd34f-6420-6cf2-f28a-833834b0f4d9">
      <Execution id="59e13305-84ff-47e9-b800-3941605d1cad" />
      <TestMethod codeBase="C:\Users\testuser\source\repos\eShopOnWeb\tests\UnitTests\bin\Debug\netcoreapp2.2\UnitTests.dll" adapterTypeName="executor://xunit/VsTestRunner2/netcoreapp" className="Microsoft.eShopWeb.UnitTests.ApplicationCore.Entities.BasketTests.BasketAddItem" name="RemoveEmptyItems" />
    </UnitTest>
    <UnitTest name="Microsoft.eShopWeb.UnitTests.CatalogFilterSpecificationFilter.MatchesExpectedNumberOfItems(brandId: null, typeId: 1, expectedCount: 2)" storage="c:\users\testuser\source\repos\eshoponweb\tests\unittests\bin\debug\netcoreapp2.2\unittests.dll" id="dc920190-4870-4bbb-6a09-31bd626bd4e7">
      <Execution id="a28b8d91-d6df-480a-ac2d-17d416caedb4" />
      <TestMethod codeBase="C:\Users\testuser\source\repos\eShopOnWeb\tests\UnitTests\bin\Debug\netcoreapp2.2\UnitTests.dll" adapterTypeName="executor://xunit/VsTestRunner2/netcoreapp" className="Microsoft.eShopWeb.UnitTests.CatalogFilterSpecificationFilter" name="MatchesExpectedNumberOfItems" />
    </UnitTest>
    <UnitTest name="Microsoft.eShopWeb.UnitTests.CatalogFilterSpecificationFilter.MatchesExpectedNumberOfItems(brandId: 1, typeId: null, expectedCount: 3)" storage="c:\users\testuser\source\repos\eshoponweb\tests\unittests\bin\debug\netcoreapp2.2\unittests.dll" id="ac5ea522-2e0c-d643-a8a7-a1374c89ba75">
      <Execution id="c910a1cb-3833-43ed-af9e-a99dc9bd26c8" />
      <TestMethod codeBase="C:\Users\testuser\source\repos\eShopOnWeb\tests\UnitTests\bin\Debug\netcoreapp2.2\UnitTests.dll" adapterTypeName="executor://xunit/VsTestRunner2/netcoreapp" className="Microsoft.eShopWeb.UnitTests.CatalogFilterSpecificationFilter" name="MatchesExpectedNumberOfItems" />
    </UnitTest>
    <UnitTest name="Microsoft.eShopWeb.UnitTests.ApplicationCore.Services.BasketServiceTests.TransferBasket.ThrowsGivenNullUserId" storage="c:\users\testuser\source\repos\eshoponweb\tests\unittests\bin\debug\netcoreapp2.2\unittests.dll" id="d61ac6d4-4c3a-b38f-b9ae-58b0181c3bba">
      <Execution id="b9a6f616-8a4c-4c67-b3a9-9b9dc07ca8cd" />
      <TestMethod codeBase="C:\Users\testuser\source\repos\eShopOnWeb\tests\UnitTests\bin\Debug\netcoreapp2.2\UnitTests.dll" adapterTypeName="executor://xunit/VsTestRunner2/netcoreapp" className="Microsoft.eShopWeb.UnitTests.ApplicationCore.Services.BasketServiceTests.TransferBasket" name="ThrowsGivenNullUserId" />
    </UnitTest>
    <UnitTest name="Microsoft.eShopWeb.UnitTests.ApplicationCore.Entities.BasketTests.BasketAddItem.DefaultsToQuantityOfOne" storage="c:\users\testuser\source\repos\eshoponweb\tests\unittests\bin\debug\netcoreapp2.2\unittests.dll" id="ae160215-e214-c67f-7415-aa33e198a82e">
      <Execution id="6a96ca4f-bb4b-43db-97b8-13eb2d3330a7" />
      <TestMethod codeBase="C:\Users\testuser\source\repos\eShopOnWeb\tests\UnitTests\bin\Debug\netcoreapp2.2\UnitTests.dll" adapterTypeName="executor://xunit/VsTestRunner2/netcoreapp" className="Microsoft.eShopWeb.UnitTests.ApplicationCore.Entities.BasketTests.BasketAddItem" name="DefaultsToQuantityOfOne" />
    </UnitTest>
    <UnitTest name="Microsoft.eShopWeb.UnitTests.ApplicationCore.Services.BasketServiceTests.SetQuantities.ThrowsGivenNullQuantities" storage="c:\users\testuser\source\repos\eshoponweb\tests\unittests\bin\debug\netcoreapp2.2\unittests.dll" id="a145f06d-bf05-9af7-f473-2e6457108842">
      <Execution id="bdc6af0e-be52-4de8-a851-49537818deb3" />
      <TestMethod codeBase="C:\Users\testuser\source\repos\eShopOnWeb\tests\UnitTests\bin\Debug\netcoreapp2.2\UnitTests.dll" adapterTypeName="executor://xunit/VsTestRunner2/netcoreapp" className="Microsoft.eShopWeb.UnitTests.ApplicationCore.Services.BasketServiceTests.SetQuantities" name="ThrowsGivenNullQuantities" />
    </UnitTest>
    <UnitTest name="Microsoft.eShopWeb.UnitTests.ApplicationCore.Entities.OrderTests.OrderTotal.IsZeroForNewOrder" storage="c:\users\testuser\source\repos\eshoponweb\tests\unittests\bin\debug\netcoreapp2.2\unittests.dll" id="8a697d61-d867-500a-1274-5e30e1aa2c14">
      <Execution id="e80e52bc-b724-495a-9747-6844c81dc393" />
      <TestMethod codeBase="C:\Users\testuser\source\repos\eShopOnWeb\tests\UnitTests\bin\Debug\netcoreapp2.2\UnitTests.dll" adapterTypeName="executor://xunit/VsTestRunner2/netcoreapp" className="Microsoft.eShopWeb.UnitTests.ApplicationCore.Entities.OrderTests.OrderTotal" name="IsZeroForNewOrder" />
    </UnitTest>
    <UnitTest name="Microsoft.eShopWeb.UnitTests.ApplicationCore.Services.BasketServiceTests.TransferBasket.ThrowsGivenNullAnonymousId" storage="c:\users\testuser\source\repos\eshoponweb\tests\unittests\bin\debug\netcoreapp2.2\unittests.dll" id="e311acef-6f3b-6cbd-a667-f00ebfd1300a">
      <Execution id="73d77ce6-6fd3-4701-a90a-4b8c323f71d5" />
      <TestMethod codeBase="C:\Users\testuser\source\repos\eShopOnWeb\tests\UnitTests\bin\Debug\netcoreapp2.2\UnitTests.dll" adapterTypeName="executor://xunit/VsTestRunner2/netcoreapp" className="Microsoft.eShopWeb.UnitTests.ApplicationCore.Services.BasketServiceTests.TransferBasket" name="ThrowsGivenNullAnonymousId" />
    </UnitTest>
    <UnitTest name="Microsoft.eShopWeb.UnitTests.ApplicationCore.Entities.OrderTests.OrderTotal.IsCorrectGiven1Item" storage="c:\users\testuser\source\repos\eshoponweb\tests\unittests\bin\debug\netcoreapp2.2\unittests.dll" id="20566fc0-4d83-2996-2ce9-ad2b56afbdb9">
      <Execution id="3dc853e2-b051-484d-89b3-5fd8bfcc2b9b" />
      <TestMethod codeBase="C:\Users\testuser\source\repos\eShopOnWeb\tests\UnitTests\bin\Debug\netcoreapp2.2\UnitTests.dll" adapterTypeName="executor://xunit/VsTestRunner2/netcoreapp" className="Microsoft.eShopWeb.UnitTests.ApplicationCore.Entities.OrderTests.OrderTotal" name="IsCorrectGiven1Item" />
    </UnitTest>
    <UnitTest name="Microsoft.eShopWeb.UnitTests.CatalogFilterSpecificationFilter.MatchesExpectedNumberOfItems(brandId: null, typeId: null, expectedCount: 5)" storage="c:\users\testuser\source\repos\eshoponweb\tests\unittests\bin\debug\netcoreapp2.2\unittests.dll" id="7ceb1e46-0e54-0b6e-4c2b-452ebfbdb4f2">
      <Execution id="46f1b15e-0ef2-4815-bfff-bea84a90aa4a" />
      <TestMethod codeBase="C:\Users\testuser\source\repos\eShopOnWeb\tests\UnitTests\bin\Debug\netcoreapp2.2\UnitTests.dll" adapterTypeName="executor://xunit/VsTestRunner2/netcoreapp" className="Microsoft.eShopWeb.UnitTests.CatalogFilterSpecificationFilter" name="MatchesExpectedNumberOfItems" />
    </UnitTest>
    <UnitTest name="Microsoft.eShopWeb.UnitTests.BasketWithItems.MatchesNoBasketsIfIdNotPresent" storage="c:\users\testuser\source\repos\eshoponweb\tests\unittests\bin\debug\netcoreapp2.2\unittests.dll" id="8c239505-bcaa-888e-9fe4-32b0f6275bc9">
      <Execution id="750f3a99-7bd1-463c-b9cd-586cc8a747a7" />
      <TestMethod codeBase="C:\Users\testuser\source\repos\eShopOnWeb\tests\UnitTests\bin\Debug\netcoreapp2.2\UnitTests.dll" adapterTypeName="executor://xunit/VsTestRunner2/netcoreapp" className="Microsoft.eShopWeb.UnitTests.BasketWithItems" name="MatchesNoBasketsIfIdNotPresent" />
    </UnitTest>
    <UnitTest name="Microsoft.eShopWeb.UnitTests.ApplicationCore.Entities.BasketTests.BasketAddItem.KeepsOriginalUnitPriceIfMoreItemsAdded" storage="c:\users\testuser\source\repos\eshoponweb\tests\unittests\bin\debug\netcoreapp2.2\unittests.dll" id="79979c84-840c-c42e-5fdf-d26f44c0d9f4">
      <Execution id="e7c78630-edbb-44b8-aca0-fd6714c7e51c" />
      <TestMethod codeBase="C:\Users\testuser\source\repos\eShopOnWeb\tests\UnitTests\bin\Debug\netcoreapp2.2\UnitTests.dll" adapterTypeName="executor://xunit/VsTestRunner2/netcoreapp" className="Microsoft.eShopWeb.UnitTests.ApplicationCore.Entities.BasketTests.BasketAddItem" name="KeepsOriginalUnitPriceIfMoreItemsAdded" />
    </UnitTest>
    <UnitTest name="Microsoft.eShopWeb.UnitTests.ApplicationCore.Entities.BasketTests.BasketAddItem.IncrementsQuantityOfItemIfPresent" storage="c:\users\testuser\source\repos\eshoponweb\tests\unittests\bin\debug\netcoreapp2.2\unittests.dll" id="17322f1e-a1bc-972a-b134-e4feba609614">
      <Execution id="157b1453-6ba3-4d3d-9eb0-cbfd266bae7f" />
      <TestMethod codeBase="C:\Users\testuser\source\repos\eShopOnWeb\tests\UnitTests\bin\Debug\netcoreapp2.2\UnitTests.dll" adapterTypeName="executor://xunit/VsTestRunner2/netcoreapp" className="Microsoft.eShopWeb.UnitTests.ApplicationCore.Entities.BasketTests.BasketAddItem" name="IncrementsQuantityOfItemIfPresent" />
    </UnitTest>
    <UnitTest name="Microsoft.eShopWeb.UnitTests.ApplicationCore.Entities.OrderTests.OrderTotal.IsCorrectGiven3Items" storage="c:\users\testuser\source\repos\eshoponweb\tests\unittests\bin\debug\netcoreapp2.2\unittests.dll" id="6206ccea-5ab0-4699-f8e5-4ff2d77aa296">
      <Execution id="3882b8b3-69e1-47d5-8c7b-902e883ed2f7" />
      <TestMethod codeBase="C:\Users\testuser\source\repos\eShopOnWeb\tests\UnitTests\bin\Debug\netcoreapp2.2\UnitTests.dll" adapterTypeName="executor://xunit/VsTestRunner2/netcoreapp" className="Microsoft.eShopWeb.UnitTests.ApplicationCore.Entities.OrderTests.OrderTotal" name="IsCorrectGiven3Items" />
    </UnitTest>
    <UnitTest name="Microsoft.eShopWeb.UnitTests.CatalogFilterSpecificationFilter.MatchesExpectedNumberOfItems(brandId: 1, typeId: 3, expectedCount: 1)" storage="c:\users\testuser\source\repos\eshoponweb\tests\unittests\bin\debug\netcoreapp2.2\unittests.dll" id="e9d15823-5bf9-2718-4bc1-6f41bf038365">
      <Execution id="de5e9965-8e06-40ce-ba05-8fdb9b5b40e2" />
      <TestMethod codeBase="C:\Users\testuser\source\repos\eShopOnWeb\tests\UnitTests\bin\Debug\netcoreapp2.2\UnitTests.dll" adapterTypeName="executor://xunit/VsTestRunner2/netcoreapp" className="Microsoft.eShopWeb.UnitTests.CatalogFilterSpecificationFilter" name="MatchesExpectedNumberOfItems" />
    </UnitTest>
    <UnitTest name="Microsoft.eShopWeb.UnitTests.ApplicationCore.Entities.BasketTests.BasketAddItem.AddsBasketItemIfNotPresent" storage="c:\users\testuser\source\repos\eshoponweb\tests\unittests\bin\debug\netcoreapp2.2\unittests.dll" id="8c9e1224-108a-0a36-56ae-4ccc9f15f109">
      <Execution id="b06499f2-2aa2-451b-a83f-639eaa653ab1" />
      <TestMethod codeBase="C:\Users\testuser\source\repos\eShopOnWeb\tests\UnitTests\bin\Debug\netcoreapp2.2\UnitTests.dll" adapterTypeName="executor://xunit/VsTestRunner2/netcoreapp" className="Microsoft.eShopWeb.UnitTests.ApplicationCore.Entities.BasketTests.BasketAddItem" name="AddsBasketItemIfNotPresent" />
    </UnitTest>
    <UnitTest name="Microsoft.eShopWeb.UnitTests.CatalogFilterSpecificationFilter.MatchesExpectedNumberOfItems(brandId: 2, typeId: null, expectedCount: 2)" storage="c:\users\testuser\source\repos\eshoponweb\tests\unittests\bin\debug\netcoreapp2.2\unittests.dll" id="dd352b51-65dc-e6f9-00a2-e604c51d50b2">
      <Execution id="ccc3a7c0-00ab-4fc8-9f1c-3108594e589c" />
      <TestMethod codeBase="C:\Users\testuser\source\repos\eShopOnWeb\tests\UnitTests\bin\Debug\netcoreapp2.2\UnitTests.dll" adapterTypeName="executor://xunit/VsTestRunner2/netcoreapp" className="Microsoft.eShopWeb.UnitTests.CatalogFilterSpecificationFilter" name="MatchesExpectedNumberOfItems" />
    </UnitTest>
    <UnitTest name="Microsoft.eShopWeb.UnitTests.CatalogFilterSpecificationFilter.MatchesExpectedNumberOfItems(brandId: 2, typeId: 3, expectedCount: 0)" storage="c:\users\testuser\source\repos\eshoponweb\tests\unittests\bin\debug\netcoreapp2.2\unittests.dll" id="d228ebbe-9130-e327-8131-1f19266700ba">
      <Execution id="330d4c28-3418-4137-abec-12160f5bbe6d" />
      <TestMethod codeBase="C:\Users\testuser\source\repos\eShopOnWeb\tests\UnitTests\bin\Debug\netcoreapp2.2\UnitTests.dll" adapterTypeName="executor://xunit/VsTestRunner2/netcoreapp" className="Microsoft.eShopWeb.UnitTests.CatalogFilterSpecificationFilter" name="MatchesExpectedNumberOfItems" />
    </UnitTest>
    <UnitTest name="Microsoft.eShopWeb.UnitTests.ApplicationCore.Services.BasketServiceTests.SetQuantities.ThrowsGivenInvalidBasketId" storage="c:\users\testuser\source\repos\eshoponweb\tests\unittests\bin\debug\netcoreapp2.2\unittests.dll" id="d100e9f1-4719-f70e-3c21-743363743356">
      <Execution id="421aadd6-2c72-4efb-add8-5f41dfd09769" />
      <TestMethod codeBase="C:\Users\testuser\source\repos\eShopOnWeb\tests\UnitTests\bin\Debug\netcoreapp2.2\UnitTests.dll" adapterTypeName="executor://xunit/VsTestRunner2/netcoreapp" className="Microsoft.eShopWeb.UnitTests.ApplicationCore.Services.BasketServiceTests.SetQuantities" name="ThrowsGivenInvalidBasketId" />
    </UnitTest>
    <UnitTest name="Microsoft.eShopWeb.UnitTests.BasketWithItems.MatchesBasketWithGivenId" storage="c:\users\testuser\source\repos\eshoponweb\tests\unittests\bin\debug\netcoreapp2.2\unittests.dll" id="90ffee87-d4c3-ae73-f993-b2e3aa0b3392">
      <Execution id="89de0260-b9e1-43ea-aba7-80b00afe0bb8" />
      <TestMethod codeBase="C:\Users\testuser\source\repos\eShopOnWeb\tests\UnitTests\bin\Debug\netcoreapp2.2\UnitTests.dll" adapterTypeName="executor://xunit/VsTestRunner2/netcoreapp" className="Microsoft.eShopWeb.UnitTests.BasketWithItems" name="MatchesBasketWithGivenId" />
    </UnitTest>
    <UnitTest name="Microsoft.eShopWeb.UnitTests.ApplicationCore.Services.BasketServiceTests.DeleteBasket.Should_InvokeBasketRepositoryDeleteAsync_Once" storage="c:\users\testuser\source\repos\eshoponweb\tests\unittests\bin\debug\netcoreapp2.2\unittests.dll" id="ffa737c1-06ff-c690-3ce6-3e55b2e9845d">
      <Execution id="94120b0c-bf62-44cf-b880-1f490d1c261f" />
      <TestMethod codeBase="C:\Users\testuser\source\repos\eShopOnWeb\tests\UnitTests\bin\Debug\netcoreapp2.2\UnitTests.dll" adapterTypeName="executor://xunit/VsTestRunner2/netcoreapp" className="Microsoft.eShopWeb.UnitTests.ApplicationCore.Services.BasketServiceTests.DeleteBasket" name="Should_InvokeBasketRepositoryDeleteAsync_Once" />
    </UnitTest>
    <UnitTest name="Microsoft.eShopWeb.UnitTests.CatalogFilterSpecificationFilter.MatchesExpectedNumberOfItems(brandId: null, typeId: 3, expectedCount: 1)" storage="c:\users\testuser\source\repos\eshoponweb\tests\unittests\bin\debug\netcoreapp2.2\unittests.dll" id="77566c92-e9fa-4efa-e797-a430cfd18ffa">
      <Execution id="e77fb72b-2985-4b8f-8d71-72083c4aea8a" />
      <TestMethod codeBase="C:\Users\testuser\source\repos\eShopOnWeb\tests\UnitTests\bin\Debug\netcoreapp2.2\UnitTests.dll" adapterTypeName="executor://xunit/VsTestRunner2/netcoreapp" className="Microsoft.eShopWeb.UnitTests.CatalogFilterSpecificationFilter" name="MatchesExpectedNumberOfItems" />
    </UnitTest>
  </TestDefinitions>
  <TestEntries>
    <TestEntry testId="90ffee87-d4c3-ae73-f993-b2e3aa0b3392" executionId="89de0260-b9e1-43ea-aba7-80b00afe0bb8" testListId="8c84fa94-04c1-424b-9868-57a2d4851a1d" />
    <TestEntry testId="77566c92-e9fa-4efa-e797-a430cfd18ffa" executionId="e77fb72b-2985-4b8f-8d71-72083c4aea8a" testListId="8c84fa94-04c1-424b-9868-57a2d4851a1d" />
    <TestEntry testId="79979c84-840c-c42e-5fdf-d26f44c0d9f4" executionId="e7c78630-edbb-44b8-aca0-fd6714c7e51c" testListId="8c84fa94-04c1-424b-9868-57a2d4851a1d" />
    <TestEntry testId="ffa737c1-06ff-c690-3ce6-3e55b2e9845d" executionId="94120b0c-bf62-44cf-b880-1f490d1c261f" testListId="8c84fa94-04c1-424b-9868-57a2d4851a1d" />
    <TestEntry testId="dd352b51-65dc-e6f9-00a2-e604c51d50b2" executionId="ccc3a7c0-00ab-4fc8-9f1c-3108594e589c" testListId="8c84fa94-04c1-424b-9868-57a2d4851a1d" />
    <TestEntry testId="dc920190-4870-4bbb-6a09-31bd626bd4e7" executionId="a28b8d91-d6df-480a-ac2d-17d416caedb4" testListId="8c84fa94-04c1-424b-9868-57a2d4851a1d" />
    <TestEntry testId="7ceb1e46-0e54-0b6e-4c2b-452ebfbdb4f2" executionId="46f1b15e-0ef2-4815-bfff-bea84a90aa4a" testListId="8c84fa94-04c1-424b-9868-57a2d4851a1d" />
    <TestEntry testId="a145f06d-bf05-9af7-f473-2e6457108842" executionId="bdc6af0e-be52-4de8-a851-49537818deb3" testListId="8c84fa94-04c1-424b-9868-57a2d4851a1d" />
    <TestEntry testId="20566fc0-4d83-2996-2ce9-ad2b56afbdb9" executionId="3dc853e2-b051-484d-89b3-5fd8bfcc2b9b" testListId="8c84fa94-04c1-424b-9868-57a2d4851a1d" />
    <TestEntry testId="d100e9f1-4719-f70e-3c21-743363743356" executionId="421aadd6-2c72-4efb-add8-5f41dfd09769" testListId="8c84fa94-04c1-424b-9868-57a2d4851a1d" />
    <TestEntry testId="d228ebbe-9130-e327-8131-1f19266700ba" executionId="330d4c28-3418-4137-abec-12160f5bbe6d" testListId="8c84fa94-04c1-424b-9868-57a2d4851a1d" />
    <TestEntry testId="17322f1e-a1bc-972a-b134-e4feba609614" executionId="157b1453-6ba3-4d3d-9eb0-cbfd266bae7f" testListId="8c84fa94-04c1-424b-9868-57a2d4851a1d" />
    <TestEntry testId="8a697d61-d867-500a-1274-5e30e1aa2c14" executionId="e80e52bc-b724-495a-9747-6844c81dc393" testListId="8c84fa94-04c1-424b-9868-57a2d4851a1d" />
    <TestEntry testId="8c239505-bcaa-888e-9fe4-32b0f6275bc9" executionId="750f3a99-7bd1-463c-b9cd-586cc8a747a7" testListId="8c84fa94-04c1-424b-9868-57a2d4851a1d" />
    <TestEntry testId="ae160215-e214-c67f-7415-aa33e198a82e" executionId="6a96ca4f-bb4b-43db-97b8-13eb2d3330a7" testListId="8c84fa94-04c1-424b-9868-57a2d4851a1d" />
    <TestEntry testId="6206ccea-5ab0-4699-f8e5-4ff2d77aa296" executionId="3882b8b3-69e1-47d5-8c7b-902e883ed2f7" testListId="8c84fa94-04c1-424b-9868-57a2d4851a1d" />
    <TestEntry testId="ac5ea522-2e0c-d643-a8a7-a1374c89ba75" executionId="c910a1cb-3833-43ed-af9e-a99dc9bd26c8" testListId="8c84fa94-04c1-424b-9868-57a2d4851a1d" />
    <TestEntry testId="8c9e1224-108a-0a36-56ae-4ccc9f15f109" executionId="b06499f2-2aa2-451b-a83f-639eaa653ab1" testListId="8c84fa94-04c1-424b-9868-57a2d4851a1d" />
    <TestEntry testId="e311acef-6f3b-6cbd-a667-f00ebfd1300a" executionId="73d77ce6-6fd3-4701-a90a-4b8c323f71d5" testListId="8c84fa94-04c1-424b-9868-57a2d4851a1d" />
    <TestEntry testId="243dd34f-6420-6cf2-f28a-833834b0f4d9" executionId="59e13305-84ff-47e9-b800-3941605d1cad" testListId="8c84fa94-04c1-424b-9868-57a2d4851a1d" />
    <TestEntry testId="d61ac6d4-4c3a-b38f-b9ae-58b0181c3bba" executionId="b9a6f616-8a4c-4c67-b3a9-9b9dc07ca8cd" testListId="8c84fa94-04c1-424b-9868-57a2d4851a1d" />
    <TestEntry testId="e9d15823-5bf9-2718-4bc1-6f41bf038365" executionId="de5e9965-8e06-40ce-ba05-8fdb9b5b40e2" testListId="8c84fa94-04c1-424b-9868-57a2d4851a1d" />
  </TestEntries>
  <TestLists>
    <TestList name="Results Not in a List" id="8c84fa94-04c1-424b-9868-57a2d4851a1d" />
    <TestList name="All Loaded Results" id="19431567-8539-422a-85d7-44ee4e166bda" />
  </TestLists>
  <ResultSummary outcome="Completed">
    <Counters total="22" executed="22" passed="22" failed="0" error="0" timeout="0" aborted="0" inconclusive="0" passedButRunAborted="0" notRunnable="0" notExecuted="0" disconnected="0" warning="0" completed="0" inProgress="0" pending="0" />
    <Output>
      <StdOut>[xUnit.net 00:00:00.00] xUnit.net VSTest Adapter v2.4.1 (64-bit .NET Core 4.6.28008.02)&#xD;
[xUnit.net 00:00:01.07]   Discovering: UnitTests&#xD;
[xUnit.net 00:00:01.15]   Discovered:  UnitTests&#xD;
[xUnit.net 00:00:01.15]   Starting:    UnitTests&#xD;
[xUnit.net 00:00:01.43]   Finished:    UnitTests&#xD;
</StdOut>
    </Output>
  </ResultSummary>
</TestRun>
